C:\Program Files (x86)\MSBuild\Microsoft.Cpp\v4.0\V140\Microsoft.CppBuild.targets(368,5): warning MSB8004: Output Directory does not end with a trailing slash.  This build instance will add the slash as it is required to allow proper evaluation of the Output Directory.
  serialport.cpp
e:\opt\sharedstorage\github\tjlutils\serialport\include\serialport.h(86): error C2504: 'TStream': base class undefined
e:\opt\sharedstorage\github\tjlutils\serialport\include\serialport.h(121): error C2653: 'TStream': is not a class or namespace name
e:\opt\sharedstorage\github\tjlutils\serialport\include\serialport.h(122): error C2653: 'TStream': is not a class or namespace name
e:\opt\sharedstorage\github\tjlutils\serialport\include\serialport.h(123): error C2653: 'TStream': is not a class or namespace name
e:\opt\sharedstorage\github\tjlutils\serialport\include\serialport.h(125): error C3646: 'writeString': unknown override specifier
e:\opt\sharedstorage\github\tjlutils\serialport\include\serialport.h(125): error C2059: syntax error: '('
e:\opt\sharedstorage\github\tjlutils\serialport\include\serialport.h(125): error C2238: unexpected token(s) preceding ';'
e:\opt\sharedstorage\github\tjlutils\serialport\include\serialport.h(126): error C3646: 'writeString': unknown override specifier
e:\opt\sharedstorage\github\tjlutils\serialport\include\serialport.h(126): error C2059: syntax error: '('
e:\opt\sharedstorage\github\tjlutils\serialport\include\serialport.h(126): error C2238: unexpected token(s) preceding ';'
e:\opt\sharedstorage\github\tjlutils\serialport\include\serialport.h(128): error C3646: 'asyncWriteString': unknown override specifier
e:\opt\sharedstorage\github\tjlutils\serialport\include\serialport.h(128): error C2059: syntax error: '('
e:\opt\sharedstorage\github\tjlutils\serialport\include\serialport.h(128): error C2238: unexpected token(s) preceding ';'
e:\opt\sharedstorage\github\tjlutils\serialport\include\serialport.h(129): error C3646: 'asyncWriteString': unknown override specifier
e:\opt\sharedstorage\github\tjlutils\serialport\include\serialport.h(129): error C2059: syntax error: '('
e:\opt\sharedstorage\github\tjlutils\serialport\include\serialport.h(129): error C2238: unexpected token(s) preceding ';'
e:\opt\sharedstorage\github\tjlutils\serialport\include\serialport.h(130): error C2653: 'TStream': is not a class or namespace name
e:\opt\sharedstorage\github\tjlutils\serialport\include\serialport.h(131): error C2653: 'TStream': is not a class or namespace name
e:\opt\sharedstorage\github\tjlutils\serialport\include\serialport.h(132): error C2653: 'TStream': is not a class or namespace name
e:\opt\sharedstorage\github\tjlutils\serialport\include\serialport.h(153): error C2061: syntax error: identifier 'LineEnding'
e:\opt\sharedstorage\github\tjlutils\serialport\include\serialport.h(164): error C3646: 'lineEnding': unknown override specifier
e:\opt\sharedstorage\github\tjlutils\serialport\include\serialport.h(164): error C2059: syntax error: '('
e:\opt\sharedstorage\github\tjlutils\serialport\include\serialport.h(164): error C2238: unexpected token(s) preceding ';'
e:\opt\sharedstorage\github\tjlutils\serialport\include\serialport.h(177): error C2061: syntax error: identifier 'LineEnding'
e:\opt\sharedstorage\github\tjlutils\serialport\include\serialport.h(177): error C2686: cannot overload static and non-static member functions with the same parameter types
  e:\opt\sharedstorage\github\tjlutils\serialport\include\serialport.h(177): note: could be 'std::string SerialPort::lineEndingToString(void)'
  e:\opt\sharedstorage\github\tjlutils\serialport\include\serialport.h(177): note: or       'std::string SerialPort::lineEndingToString(void) const'
e:\opt\sharedstorage\github\tjlutils\serialport\include\serialport.h(185): error C3646: 'parseLineEndingFromRaw': unknown override specifier
e:\opt\sharedstorage\github\tjlutils\serialport\include\serialport.h(185): error C2059: syntax error: 'const'
e:\opt\sharedstorage\github\tjlutils\serialport\include\serialport.h(185): error C2238: unexpected token(s) preceding ';'
e:\opt\sharedstorage\github\tjlutils\serialport\include\serialport.h(191): error C3646: 'parseLineEndingFromRaw': unknown override specifier
e:\opt\sharedstorage\github\tjlutils\serialport\include\serialport.h(191): error C2059: syntax error: 'const'
e:\opt\sharedstorage\github\tjlutils\serialport\include\serialport.h(191): error C2238: unexpected token(s) preceding ';'
e:\opt\sharedstorage\github\tjlutils\serialport\include\serialport.h(197): error C4430: missing type specifier - int assumed. Note: C++ does not support default-int
e:\opt\sharedstorage\github\tjlutils\serialport\include\serialport.h(197): error C3646: 'DEFAULT_LINE_ENDING': unknown override specifier
e:\opt\sharedstorage\github\tjlutils\serialport\include\serialport.h(221): error C3646: 'doUserSelectLineEndings': unknown override specifier
e:\opt\sharedstorage\github\tjlutils\serialport\include\serialport.h(221): error C2059: syntax error: ')'
e:\opt\sharedstorage\github\tjlutils\serialport\include\serialport.h(221): error C2238: unexpected token(s) preceding ';'
e:\opt\sharedstorage\github\tjlutils\serialport\include\serialport.h(252): error C3646: 'writeCString': unknown override specifier
e:\opt\sharedstorage\github\tjlutils\serialport\include\serialport.h(252): error C2059: syntax error: '('
e:\opt\sharedstorage\github\tjlutils\serialport\include\serialport.h(252): error C2238: unexpected token(s) preceding ';'
e:\opt\sharedstorage\github\tjlutils\serialport\include\serialport.h(253): error C3646: 'writeByte': unknown override specifier
e:\opt\sharedstorage\github\tjlutils\serialport\include\serialport.h(253): error C2059: syntax error: '('
e:\opt\sharedstorage\github\tjlutils\serialport\include\serialport.h(253): error C2238: unexpected token(s) preceding ';'
e:\opt\sharedstorage\github\tjlutils\serialport\include\serialport.h(254): error C3646: 'writeBufferedBytes': unknown override specifier
e:\opt\sharedstorage\github\tjlutils\serialport\include\serialport.h(254): error C2059: syntax error: '('
e:\opt\sharedstorage\github\tjlutils\serialport\include\serialport.h(254): error C2238: unexpected token(s) preceding ';'
e:\opt\sharedstorage\github\tjlutils\serialport\include\serialport.h(262): error C2061: syntax error: identifier 'LineEnding'
e:\opt\sharedstorage\github\tjlutils\serialport\include\serialport.h(264): error C3646: 'staticWriteString': unknown override specifier
e:\opt\sharedstorage\github\tjlutils\serialport\include\serialport.h(264): error C2065: 'serialPort': undeclared identifier
e:\opt\sharedstorage\github\tjlutils\serialport\include\serialport.h(264): error C2275: 'SerialPort': illegal use of this type as an expression
e:\opt\sharedstorage\github\tjlutils\serialport\include\serialport.h(264): error C2059: syntax error: 'const'
e:\opt\sharedstorage\github\tjlutils\serialport\include\serialport.h(264): error C2238: unexpected token(s) preceding ';'
e:\opt\sharedstorage\github\tjlutils\serialport\include\serialport.h(265): error C3646: 'staticWriteString': unknown override specifier
e:\opt\sharedstorage\github\tjlutils\serialport\include\serialport.h(265): error C2065: 'serialPort': undeclared identifier
e:\opt\sharedstorage\github\tjlutils\serialport\include\serialport.h(265): error C2275: 'SerialPort': illegal use of this type as an expression
e:\opt\sharedstorage\github\tjlutils\serialport\include\serialport.h(265): error C2059: syntax error: 'const'
e:\opt\sharedstorage\github\tjlutils\serialport\include\serialport.h(265): error C2238: unexpected token(s) preceding ';'
e:\opt\sharedstorage\github\tjlutils\serialport\include\serialport.h(267): error C2653: 'TStream': is not a class or namespace name
e:\opt\sharedstorage\github\tjlutils\serialport\include\serialport.h(268): error C2653: 'TStream': is not a class or namespace name
e:\opt\sharedstorage\github\tjlutils\serialport\include\serialport.h(269): error C2653: 'TStream': is not a class or namespace name
e:\opt\sharedstorage\github\tjlutils\serialport\src\serialport.cpp(25): error C4430: missing type specifier - int assumed. Note: C++ does not support default-int
e:\opt\sharedstorage\github\tjlutils\serialport\src\serialport.cpp(25): error C2039: 'DEFAULT_LINE_ENDING': is not a member of 'SerialPort'
  e:\opt\sharedstorage\github\tjlutils\serialport\include\serialport.h(85): note: see declaration of 'SerialPort'
e:\opt\sharedstorage\github\tjlutils\serialport\src\serialport.cpp(25): error C2146: syntax error: missing ';' before identifier 'DEFAULT_LINE_ENDING'
e:\opt\sharedstorage\github\tjlutils\serialport\src\serialport.cpp(25): error C2825: 'LineEnding': must be a class or namespace when followed by '::'
e:\opt\sharedstorage\github\tjlutils\serialport\src\serialport.cpp(25): error C2510: 'LineEnding': left of '::' must be a class/struct/union
e:\opt\sharedstorage\github\tjlutils\serialport\src\serialport.cpp(25): error C2065: 'LE_None': undeclared identifier
e:\opt\sharedstorage\github\tjlutils\serialport\include\serialport.h(121): error C2065: 'NO_MAXIMUM_READ_SIZE': undeclared identifier
e:\opt\sharedstorage\github\tjlutils\serialport\src\serialport.cpp(378): error C2039: 'asyncWriteString': is not a member of 'SerialPort'
  e:\opt\sharedstorage\github\tjlutils\serialport\include\serialport.h(85): note: see declaration of 'SerialPort'
e:\opt\sharedstorage\github\tjlutils\serialport\src\serialport.cpp(378): error C4430: missing type specifier - int assumed. Note: C++ does not support default-int
e:\opt\sharedstorage\github\tjlutils\serialport\src\serialport.cpp(378): error C2146: syntax error: missing ';' before identifier 'asyncWriteString'
e:\opt\sharedstorage\github\tjlutils\serialport\src\serialport.cpp(379): error C2143: syntax error: missing ';' before '{'
e:\opt\sharedstorage\github\tjlutils\serialport\src\serialport.cpp(379): error C2447: '{': missing function header (old-style formal list?)
e:\opt\sharedstorage\github\tjlutils\serialport\src\serialport.cpp(386): error C2039: 'asyncWriteString': is not a member of 'SerialPort'
  e:\opt\sharedstorage\github\tjlutils\serialport\include\serialport.h(85): note: see declaration of 'SerialPort'
e:\opt\sharedstorage\github\tjlutils\serialport\src\serialport.cpp(386): error C4430: missing type specifier - int assumed. Note: C++ does not support default-int
e:\opt\sharedstorage\github\tjlutils\serialport\src\serialport.cpp(386): error C2086: 'int ssize_t': redefinition
  e:\opt\sharedstorage\github\tjlutils\serialport\src\serialport.cpp(378): note: see declaration of 'ssize_t'
e:\opt\sharedstorage\github\tjlutils\serialport\src\serialport.cpp(386): error C2146: syntax error: missing ';' before identifier 'asyncWriteString'
e:\opt\sharedstorage\github\tjlutils\serialport\src\serialport.cpp(387): error C2143: syntax error: missing ';' before '{'
e:\opt\sharedstorage\github\tjlutils\serialport\src\serialport.cpp(387): error C2447: '{': missing function header (old-style formal list?)
e:\opt\sharedstorage\github\tjlutils\serialport\src\serialport.cpp(394): error C2039: 'staticWriteString': is not a member of 'SerialPort'
  e:\opt\sharedstorage\github\tjlutils\serialport\include\serialport.h(85): note: see declaration of 'SerialPort'
e:\opt\sharedstorage\github\tjlutils\serialport\src\serialport.cpp(394): error C4430: missing type specifier - int assumed. Note: C++ does not support default-int
e:\opt\sharedstorage\github\tjlutils\serialport\src\serialport.cpp(394): error C2086: 'int ssize_t': redefinition
  e:\opt\sharedstorage\github\tjlutils\serialport\src\serialport.cpp(378): note: see declaration of 'ssize_t'
e:\opt\sharedstorage\github\tjlutils\serialport\src\serialport.cpp(394): error C2146: syntax error: missing ';' before identifier 'staticWriteString'
e:\opt\sharedstorage\github\tjlutils\serialport\src\serialport.cpp(395): error C2143: syntax error: missing ';' before '{'
e:\opt\sharedstorage\github\tjlutils\serialport\src\serialport.cpp(395): error C2447: '{': missing function header (old-style formal list?)
e:\opt\sharedstorage\github\tjlutils\serialport\src\serialport.cpp(399): error C2039: 'staticWriteString': is not a member of 'SerialPort'
  e:\opt\sharedstorage\github\tjlutils\serialport\include\serialport.h(85): note: see declaration of 'SerialPort'
e:\opt\sharedstorage\github\tjlutils\serialport\src\serialport.cpp(399): error C4430: missing type specifier - int assumed. Note: C++ does not support default-int
e:\opt\sharedstorage\github\tjlutils\serialport\src\serialport.cpp(399): error C2086: 'int ssize_t': redefinition
  e:\opt\sharedstorage\github\tjlutils\serialport\src\serialport.cpp(378): note: see declaration of 'ssize_t'
e:\opt\sharedstorage\github\tjlutils\serialport\src\serialport.cpp(399): error C2146: syntax error: missing ';' before identifier 'staticWriteString'
e:\opt\sharedstorage\github\tjlutils\serialport\src\serialport.cpp(400): error C2143: syntax error: missing ';' before '{'
e:\opt\sharedstorage\github\tjlutils\serialport\src\serialport.cpp(400): error C2447: '{': missing function header (old-style formal list?)
e:\opt\sharedstorage\github\tjlutils\serialport\include\serialport.h(122): error C2065: 'NO_MAXIMUM_READ_SIZE': undeclared identifier
e:\opt\sharedstorage\github\tjlutils\serialport\src\serialport.cpp(454): warning C4018: '>': signed/unsigned mismatch
e:\opt\sharedstorage\github\tjlutils\serialport\include\serialport.h(268): error C2065: 'NO_MAXIMUM_READ_SIZE': undeclared identifier
e:\opt\sharedstorage\github\tjlutils\serialport\src\serialport.cpp(879): error C2039: 'writeByte': is not a member of 'SerialPort'
  e:\opt\sharedstorage\github\tjlutils\serialport\include\serialport.h(85): note: see declaration of 'SerialPort'
e:\opt\sharedstorage\github\tjlutils\serialport\src\serialport.cpp(879): error C4430: missing type specifier - int assumed. Note: C++ does not support default-int
e:\opt\sharedstorage\github\tjlutils\serialport\src\serialport.cpp(879): error C2086: 'int ssize_t': redefinition
  e:\opt\sharedstorage\github\tjlutils\serialport\src\serialport.cpp(378): note: see declaration of 'ssize_t'
e:\opt\sharedstorage\github\tjlutils\serialport\src\serialport.cpp(879): error C2146: syntax error: missing ';' before identifier 'writeByte'
e:\opt\sharedstorage\github\tjlutils\serialport\src\serialport.cpp(880): error C2143: syntax error: missing ';' before '{'
e:\opt\sharedstorage\github\tjlutils\serialport\src\serialport.cpp(880): error C2447: '{': missing function header (old-style formal list?)
e:\opt\sharedstorage\github\tjlutils\serialport\src\serialport.cpp(894): error C2039: 'writeBufferedBytes': is not a member of 'SerialPort'
  e:\opt\sharedstorage\github\tjlutils\serialport\include\serialport.h(85): note: see declaration of 'SerialPort'
e:\opt\sharedstorage\github\tjlutils\serialport\src\serialport.cpp(894): error C4430: missing type specifier - int assumed. Note: C++ does not support default-int
e:\opt\sharedstorage\github\tjlutils\serialport\src\serialport.cpp(894): error C2086: 'int ssize_t': redefinition
  e:\opt\sharedstorage\github\tjlutils\serialport\src\serialport.cpp(378): note: see declaration of 'ssize_t'
e:\opt\sharedstorage\github\tjlutils\serialport\src\serialport.cpp(894): error C2146: syntax error: missing ';' before identifier 'writeBufferedBytes'
e:\opt\sharedstorage\github\tjlutils\serialport\src\serialport.cpp(895): error C2143: syntax error: missing ';' before '{'
e:\opt\sharedstorage\github\tjlutils\serialport\src\serialport.cpp(895): error C2447: '{': missing function header (old-style formal list?)
e:\opt\sharedstorage\github\tjlutils\serialport\src\serialport.cpp(1138): error C2039: 'writeCString': is not a member of 'SerialPort'
  e:\opt\sharedstorage\github\tjlutils\serialport\include\serialport.h(85): note: see declaration of 'SerialPort'
e:\opt\sharedstorage\github\tjlutils\serialport\src\serialport.cpp(1138): error C4430: missing type specifier - int assumed. Note: C++ does not support default-int
e:\opt\sharedstorage\github\tjlutils\serialport\src\serialport.cpp(1138): error C2086: 'int ssize_t': redefinition
  e:\opt\sharedstorage\github\tjlutils\serialport\src\serialport.cpp(378): note: see declaration of 'ssize_t'
e:\opt\sharedstorage\github\tjlutils\serialport\src\serialport.cpp(1138): error C2146: syntax error: missing ';' before identifier 'writeCString'
e:\opt\sharedstorage\github\tjlutils\serialport\src\serialport.cpp(1139): error C2143: syntax error: missing ';' before '{'
e:\opt\sharedstorage\github\tjlutils\serialport\src\serialport.cpp(1139): error C2447: '{': missing function header (old-style formal list?)
e:\opt\sharedstorage\github\tjlutils\serialport\src\serialport.cpp(1147): error C2039: 'writeString': is not a member of 'SerialPort'
  e:\opt\sharedstorage\github\tjlutils\serialport\include\serialport.h(85): note: see declaration of 'SerialPort'
e:\opt\sharedstorage\github\tjlutils\serialport\src\serialport.cpp(1147): fatal error C1003: error count exceeds 100; stopping compilation
  arduino.cpp
e:\opt\sharedstorage\github\tjlutils\serialport\include\serialport.h(86): error C2504: 'TStream': base class undefined
e:\opt\sharedstorage\github\tjlutils\serialport\include\serialport.h(121): error C2653: 'TStream': is not a class or namespace name
e:\opt\sharedstorage\github\tjlutils\serialport\include\serialport.h(122): error C2653: 'TStream': is not a class or namespace name
e:\opt\sharedstorage\github\tjlutils\serialport\include\serialport.h(123): error C2653: 'TStream': is not a class or namespace name
e:\opt\sharedstorage\github\tjlutils\serialport\include\serialport.h(125): error C3646: 'writeString': unknown override specifier
e:\opt\sharedstorage\github\tjlutils\serialport\include\serialport.h(125): error C2059: syntax error: '('
e:\opt\sharedstorage\github\tjlutils\serialport\include\serialport.h(125): error C2238: unexpected token(s) preceding ';'
e:\opt\sharedstorage\github\tjlutils\serialport\include\serialport.h(126): error C3646: 'writeString': unknown override specifier
e:\opt\sharedstorage\github\tjlutils\serialport\include\serialport.h(126): error C2059: syntax error: '('
e:\opt\sharedstorage\github\tjlutils\serialport\include\serialport.h(126): error C2238: unexpected token(s) preceding ';'
e:\opt\sharedstorage\github\tjlutils\serialport\include\serialport.h(128): error C3646: 'asyncWriteString': unknown override specifier
e:\opt\sharedstorage\github\tjlutils\serialport\include\serialport.h(128): error C2059: syntax error: '('
e:\opt\sharedstorage\github\tjlutils\serialport\include\serialport.h(128): error C2238: unexpected token(s) preceding ';'
e:\opt\sharedstorage\github\tjlutils\serialport\include\serialport.h(129): error C3646: 'asyncWriteString': unknown override specifier
e:\opt\sharedstorage\github\tjlutils\serialport\include\serialport.h(129): error C2059: syntax error: '('
e:\opt\sharedstorage\github\tjlutils\serialport\include\serialport.h(129): error C2238: unexpected token(s) preceding ';'
e:\opt\sharedstorage\github\tjlutils\serialport\include\serialport.h(130): error C2653: 'TStream': is not a class or namespace name
e:\opt\sharedstorage\github\tjlutils\serialport\include\serialport.h(131): error C2653: 'TStream': is not a class or namespace name
e:\opt\sharedstorage\github\tjlutils\serialport\include\serialport.h(132): error C2653: 'TStream': is not a class or namespace name
e:\opt\sharedstorage\github\tjlutils\serialport\include\serialport.h(153): error C2061: syntax error: identifier 'LineEnding'
e:\opt\sharedstorage\github\tjlutils\serialport\include\serialport.h(164): error C3646: 'lineEnding': unknown override specifier
e:\opt\sharedstorage\github\tjlutils\serialport\include\serialport.h(164): error C2059: syntax error: '('
e:\opt\sharedstorage\github\tjlutils\serialport\include\serialport.h(164): error C2238: unexpected token(s) preceding ';'
e:\opt\sharedstorage\github\tjlutils\serialport\include\serialport.h(177): error C2061: syntax error: identifier 'LineEnding'
e:\opt\sharedstorage\github\tjlutils\serialport\include\serialport.h(177): error C2686: cannot overload static and non-static member functions with the same parameter types
  e:\opt\sharedstorage\github\tjlutils\serialport\include\serialport.h(177): note: could be 'std::string SerialPort::lineEndingToString(void)'
  e:\opt\sharedstorage\github\tjlutils\serialport\include\serialport.h(177): note: or       'std::string SerialPort::lineEndingToString(void) const'
e:\opt\sharedstorage\github\tjlutils\serialport\include\serialport.h(185): error C3646: 'parseLineEndingFromRaw': unknown override specifier
e:\opt\sharedstorage\github\tjlutils\serialport\include\serialport.h(185): error C2059: syntax error: 'const'
e:\opt\sharedstorage\github\tjlutils\serialport\include\serialport.h(185): error C2238: unexpected token(s) preceding ';'
e:\opt\sharedstorage\github\tjlutils\serialport\include\serialport.h(191): error C3646: 'parseLineEndingFromRaw': unknown override specifier
e:\opt\sharedstorage\github\tjlutils\serialport\include\serialport.h(191): error C2059: syntax error: 'const'
e:\opt\sharedstorage\github\tjlutils\serialport\include\serialport.h(191): error C2238: unexpected token(s) preceding ';'
e:\opt\sharedstorage\github\tjlutils\serialport\include\serialport.h(197): error C4430: missing type specifier - int assumed. Note: C++ does not support default-int
e:\opt\sharedstorage\github\tjlutils\serialport\include\serialport.h(197): error C3646: 'DEFAULT_LINE_ENDING': unknown override specifier
e:\opt\sharedstorage\github\tjlutils\serialport\include\serialport.h(221): error C3646: 'doUserSelectLineEndings': unknown override specifier
e:\opt\sharedstorage\github\tjlutils\serialport\include\serialport.h(221): error C2059: syntax error: ')'
e:\opt\sharedstorage\github\tjlutils\serialport\include\serialport.h(221): error C2238: unexpected token(s) preceding ';'
e:\opt\sharedstorage\github\tjlutils\serialport\include\serialport.h(252): error C3646: 'writeCString': unknown override specifier
e:\opt\sharedstorage\github\tjlutils\serialport\include\serialport.h(252): error C2059: syntax error: '('
e:\opt\sharedstorage\github\tjlutils\serialport\include\serialport.h(252): error C2238: unexpected token(s) preceding ';'
e:\opt\sharedstorage\github\tjlutils\serialport\include\serialport.h(253): error C3646: 'writeByte': unknown override specifier
e:\opt\sharedstorage\github\tjlutils\serialport\include\serialport.h(253): error C2059: syntax error: '('
e:\opt\sharedstorage\github\tjlutils\serialport\include\serialport.h(253): error C2238: unexpected token(s) preceding ';'
e:\opt\sharedstorage\github\tjlutils\serialport\include\serialport.h(254): error C3646: 'writeBufferedBytes': unknown override specifier
e:\opt\sharedstorage\github\tjlutils\serialport\include\serialport.h(254): error C2059: syntax error: '('
e:\opt\sharedstorage\github\tjlutils\serialport\include\serialport.h(254): error C2238: unexpected token(s) preceding ';'
e:\opt\sharedstorage\github\tjlutils\serialport\include\serialport.h(262): error C2061: syntax error: identifier 'LineEnding'
e:\opt\sharedstorage\github\tjlutils\serialport\include\serialport.h(264): error C3646: 'staticWriteString': unknown override specifier
e:\opt\sharedstorage\github\tjlutils\serialport\include\serialport.h(264): error C2065: 'serialPort': undeclared identifier
e:\opt\sharedstorage\github\tjlutils\serialport\include\serialport.h(264): error C2275: 'SerialPort': illegal use of this type as an expression
e:\opt\sharedstorage\github\tjlutils\serialport\include\serialport.h(264): error C2059: syntax error: 'const'
e:\opt\sharedstorage\github\tjlutils\serialport\include\serialport.h(264): error C2238: unexpected token(s) preceding ';'
e:\opt\sharedstorage\github\tjlutils\serialport\include\serialport.h(265): error C3646: 'staticWriteString': unknown override specifier
e:\opt\sharedstorage\github\tjlutils\serialport\include\serialport.h(265): error C2065: 'serialPort': undeclared identifier
e:\opt\sharedstorage\github\tjlutils\serialport\include\serialport.h(265): error C2275: 'SerialPort': illegal use of this type as an expression
e:\opt\sharedstorage\github\tjlutils\serialport\include\serialport.h(265): error C2059: syntax error: 'const'
e:\opt\sharedstorage\github\tjlutils\serialport\include\serialport.h(265): error C2238: unexpected token(s) preceding ';'
e:\opt\sharedstorage\github\tjlutils\serialport\include\serialport.h(267): error C2653: 'TStream': is not a class or namespace name
e:\opt\sharedstorage\github\tjlutils\serialport\include\serialport.h(268): error C2653: 'TStream': is not a class or namespace name
e:\opt\sharedstorage\github\tjlutils\serialport\include\serialport.h(269): error C2653: 'TStream': is not a class or namespace name
e:\opt\sharedstorage\github\tjlutils\arduino\include\arduino.h(16): fatal error C1083: Cannot open include file: 'tstream.h': No such file or directory
  Generating Code...
